2024-04-30 11:17:37 [scrapy.utils.log] INFO: Scrapy 2.11.1 started (bot: manager)
2024-04-30 11:17:37 [scrapy.utils.log] INFO: Versions: lxml 5.2.1.0, libxml2 2.11.7, cssselect 1.2.0, parsel 1.9.1, w3lib 2.1.2, Twisted 24.3.0, Python 3.12.3 (tags/v3.12.3:f6650f9, Apr  9 2024, 14:05:25) [MSC v.1938 64 bit (AMD64)], pyOpenSSL 24.1.0 (OpenSSL 3.2.1 30 Jan 2024), cryptography 42.0.5, Platform Windows-11-10.0.22631-SP0
2024-04-30 11:17:37 [scrapy.addons] INFO: Enabled addons:
[]
2024-04-30 11:17:37 [scrapy.extensions.telnet] INFO: Telnet Password: 6998f81dfd8d2b06
2024-04-30 11:17:37 [scrapy.middleware] INFO: Enabled extensions:
['scrapy.extensions.corestats.CoreStats',
 'scrapy.extensions.telnet.TelnetConsole',
 'scrapy.extensions.logstats.LogStats']
2024-04-30 11:17:37 [scrapy.crawler] INFO: Overridden settings:
{'BOT_NAME': 'manager',
 'FEED_EXPORT_ENCODING': 'utf-8',
 'LOG_FILE': 'logfile.log',
 'LOG_LEVEL': 'INFO',
 'LOG_STDOUT': True,
 'NEWSPIDER_MODULE': 'manager.spiders',
 'REQUEST_FINGERPRINTER_IMPLEMENTATION': '2.7',
 'RETRY_TIMES': 10,
 'ROBOTSTXT_OBEY': True,
 'SPIDER_MODULES': ['manager.spiders'],
 'TWISTED_REACTOR': 'twisted.internet.asyncioreactor.AsyncioSelectorReactor',
 'USER_AGENT': 'Mozilla/5.0 (Windows NT 10.0; Win64; x64) AppleWebKit/537.36 '
               '(KHTML, like Gecko) Chrome/123.0.0.0 Safari/537.36 '
               'Edg/123.0.0.0'}
2024-04-30 11:17:37 [scrapy.middleware] INFO: Enabled downloader middlewares:
['scrapy.downloadermiddlewares.robotstxt.RobotsTxtMiddleware',
 'scrapy.downloadermiddlewares.httpauth.HttpAuthMiddleware',
 'scrapy.downloadermiddlewares.downloadtimeout.DownloadTimeoutMiddleware',
 'scrapy.downloadermiddlewares.defaultheaders.DefaultHeadersMiddleware',
 'scrapy.downloadermiddlewares.useragent.UserAgentMiddleware',
 'scrapy.downloadermiddlewares.retry.RetryMiddleware',
 'scrapy.downloadermiddlewares.redirect.MetaRefreshMiddleware',
 'scrapy.downloadermiddlewares.httpcompression.HttpCompressionMiddleware',
 'scrapy.downloadermiddlewares.redirect.RedirectMiddleware',
 'scrapy.downloadermiddlewares.cookies.CookiesMiddleware',
 'scrapy.downloadermiddlewares.httpproxy.HttpProxyMiddleware',
 'scrapy.downloadermiddlewares.stats.DownloaderStats']
2024-04-30 11:17:37 [scrapy.middleware] INFO: Enabled spider middlewares:
['scrapy.spidermiddlewares.httperror.HttpErrorMiddleware',
 'scrapy.spidermiddlewares.offsite.OffsiteMiddleware',
 'scrapy.spidermiddlewares.referer.RefererMiddleware',
 'scrapy.spidermiddlewares.urllength.UrlLengthMiddleware',
 'scrapy.spidermiddlewares.depth.DepthMiddleware']
2024-04-30 11:17:38 [scrapy.middleware] INFO: Enabled item pipelines:
['manager.pipelines.ManagerPipeline']
2024-04-30 11:17:38 [scrapy.core.engine] INFO: Spider opened
2024-04-30 11:17:38 [scrapy.extensions.logstats] INFO: Crawled 0 pages (at 0 pages/min), scraped 0 items (at 0 items/min)
2024-04-30 11:17:38 [scrapy.extensions.telnet] INFO: Telnet console listening on 127.0.0.1:6023
2024-04-30 11:17:38 [scrapy.core.engine] INFO: Closing spider (finished)
2024-04-30 11:17:38 [scrapy.statscollectors] INFO: Dumping Scrapy stats:
{'downloader/request_bytes': 3595,
 'downloader/request_count': 8,
 'downloader/request_method_count/GET': 7,
 'downloader/request_method_count/POST': 1,
 'downloader/response_bytes': 56765,
 'downloader/response_count': 8,
 'downloader/response_status_count/200': 7,
 'downloader/response_status_count/404': 1,
 'elapsed_time_seconds': 0.632687,
 'finish_reason': 'finished',
 'finish_time': datetime.datetime(2024, 4, 30, 3, 17, 38, 766729, tzinfo=datetime.timezone.utc),
 'httpcompression/response_bytes': 262509,
 'httpcompression/response_count': 6,
 'item_scraped_count': 6,
 'log_count/INFO': 10,
 'request_depth_max': 1,
 'response_received_count': 8,
 'robotstxt/request_count': 1,
 'robotstxt/response_count': 1,
 'robotstxt/response_status_count/404': 1,
 'scheduler/dequeued': 7,
 'scheduler/dequeued/memory': 7,
 'scheduler/enqueued': 7,
 'scheduler/enqueued/memory': 7,
 'start_time': datetime.datetime(2024, 4, 30, 3, 17, 38, 134042, tzinfo=datetime.timezone.utc)}
2024-04-30 11:17:38 [scrapy.core.engine] INFO: Spider closed (finished)
2024-04-30 11:20:22 [scrapy.utils.log] INFO: Scrapy 2.11.1 started (bot: manager)
2024-04-30 11:20:22 [scrapy.utils.log] INFO: Versions: lxml 5.2.1.0, libxml2 2.11.7, cssselect 1.2.0, parsel 1.9.1, w3lib 2.1.2, Twisted 24.3.0, Python 3.12.3 (tags/v3.12.3:f6650f9, Apr  9 2024, 14:05:25) [MSC v.1938 64 bit (AMD64)], pyOpenSSL 24.1.0 (OpenSSL 3.2.1 30 Jan 2024), cryptography 42.0.5, Platform Windows-11-10.0.22631-SP0
2024-04-30 11:20:22 [scrapy.addons] INFO: Enabled addons:
[]
2024-04-30 11:20:22 [asyncio] DEBUG: Using selector: SelectSelector
2024-04-30 11:20:22 [scrapy.utils.log] DEBUG: Using reactor: twisted.internet.asyncioreactor.AsyncioSelectorReactor
2024-04-30 11:20:22 [scrapy.utils.log] DEBUG: Using asyncio event loop: asyncio.windows_events._WindowsSelectorEventLoop
2024-04-30 11:20:22 [scrapy.extensions.telnet] INFO: Telnet Password: 70348bd1b07d5111
2024-04-30 11:20:22 [scrapy.middleware] INFO: Enabled extensions:
['scrapy.extensions.corestats.CoreStats',
 'scrapy.extensions.telnet.TelnetConsole',
 'scrapy.extensions.logstats.LogStats']
2024-04-30 11:20:22 [scrapy.crawler] INFO: Overridden settings:
{'BOT_NAME': 'manager',
 'FEED_EXPORT_ENCODING': 'utf-8',
 'LOG_FILE': 'logfile.log',
 'LOG_STDOUT': True,
 'NEWSPIDER_MODULE': 'manager.spiders',
 'REQUEST_FINGERPRINTER_IMPLEMENTATION': '2.7',
 'RETRY_TIMES': 10,
 'ROBOTSTXT_OBEY': True,
 'SPIDER_MODULES': ['manager.spiders'],
 'TWISTED_REACTOR': 'twisted.internet.asyncioreactor.AsyncioSelectorReactor',
 'USER_AGENT': 'Mozilla/5.0 (Windows NT 10.0; Win64; x64) AppleWebKit/537.36 '
               '(KHTML, like Gecko) Chrome/123.0.0.0 Safari/537.36 '
               'Edg/123.0.0.0'}
2024-04-30 11:20:22 [scrapy.middleware] INFO: Enabled downloader middlewares:
['scrapy.downloadermiddlewares.robotstxt.RobotsTxtMiddleware',
 'scrapy.downloadermiddlewares.httpauth.HttpAuthMiddleware',
 'scrapy.downloadermiddlewares.downloadtimeout.DownloadTimeoutMiddleware',
 'scrapy.downloadermiddlewares.defaultheaders.DefaultHeadersMiddleware',
 'scrapy.downloadermiddlewares.useragent.UserAgentMiddleware',
 'scrapy.downloadermiddlewares.retry.RetryMiddleware',
 'scrapy.downloadermiddlewares.redirect.MetaRefreshMiddleware',
 'scrapy.downloadermiddlewares.httpcompression.HttpCompressionMiddleware',
 'scrapy.downloadermiddlewares.redirect.RedirectMiddleware',
 'scrapy.downloadermiddlewares.cookies.CookiesMiddleware',
 'scrapy.downloadermiddlewares.httpproxy.HttpProxyMiddleware',
 'scrapy.downloadermiddlewares.stats.DownloaderStats']
2024-04-30 11:20:22 [scrapy.middleware] INFO: Enabled spider middlewares:
['scrapy.spidermiddlewares.httperror.HttpErrorMiddleware',
 'scrapy.spidermiddlewares.offsite.OffsiteMiddleware',
 'scrapy.spidermiddlewares.referer.RefererMiddleware',
 'scrapy.spidermiddlewares.urllength.UrlLengthMiddleware',
 'scrapy.spidermiddlewares.depth.DepthMiddleware']
2024-04-30 11:20:22 [scrapy.middleware] INFO: Enabled item pipelines:
['manager.pipelines.ManagerPipeline']
2024-04-30 11:20:22 [scrapy.core.engine] INFO: Spider opened
2024-04-30 11:20:22 [scrapy.extensions.logstats] INFO: Crawled 0 pages (at 0 pages/min), scraped 0 items (at 0 items/min)
2024-04-30 11:20:22 [scrapy.extensions.telnet] INFO: Telnet console listening on 127.0.0.1:6023
2024-04-30 11:20:23 [scrapy.core.engine] DEBUG: Crawled (404) <GET https://gs.amac.org.cn/robots.txt> (referer: None)
2024-04-30 11:20:23 [scrapy.core.engine] DEBUG: Crawled (200) <POST https://gs.amac.org.cn/amac-infodisc/api/pof/manager/query?&page=0&size=20> (referer: None)
2024-04-30 11:20:23 [scrapy.core.engine] DEBUG: Crawled (200) <GET https://gs.amac.org.cn/amac-infodisc/res/pof/manager/2401041347100866.html> (referer: https://gs.amac.org.cn/amac-infodisc/api/pof/manager/query?&page=0&size=20)
2024-04-30 11:20:23 [scrapy.core.engine] DEBUG: Crawled (200) <GET https://gs.amac.org.cn/amac-infodisc/res/pof/manager/2304201054108842.html> (referer: https://gs.amac.org.cn/amac-infodisc/api/pof/manager/query?&page=0&size=20)
2024-04-30 11:20:23 [scrapy.core.engine] DEBUG: Crawled (200) <GET https://gs.amac.org.cn/amac-infodisc/res/pof/manager/2307111116109104.html> (referer: https://gs.amac.org.cn/amac-infodisc/api/pof/manager/query?&page=0&size=20)
2024-04-30 11:20:23 [scrapy.core.engine] DEBUG: Crawled (200) <GET https://gs.amac.org.cn/amac-infodisc/res/pof/manager/2306271236105105.html> (referer: https://gs.amac.org.cn/amac-infodisc/api/pof/manager/query?&page=0&size=20)
2024-04-30 11:20:23 [scrapy.core.engine] DEBUG: Crawled (200) <GET https://gs.amac.org.cn/amac-infodisc/res/pof/manager/2310241354106545.html> (referer: https://gs.amac.org.cn/amac-infodisc/api/pof/manager/query?&page=0&size=20)
2024-04-30 11:20:23 [scrapy.core.engine] DEBUG: Crawled (200) <GET https://gs.amac.org.cn/amac-infodisc/res/pof/manager/2311280950101094.html> (referer: https://gs.amac.org.cn/amac-infodisc/api/pof/manager/query?&page=0&size=20)
2024-04-30 11:20:23 [scrapy.core.scraper] DEBUG: Scraped from <200 https://gs.amac.org.cn/amac-infodisc/res/pof/manager/2401041347100866.html>
{'artificialPersonName': '刘亓峰',
 'businessType': '私募股权投资基金 创业投资基金',
 'employeeNum': '5',
 'enterpriceType': '内资企业',
 'establishDate': 1699401600000,
 'fundCount': 0,
 'fundTypeScaleMap': None,
 'hasCreditTips': False,
 'hasSpecialTips': True,
 'id': '2401041347100866',
 'isInvestAdvice': None,
 'lastUpDate': '2024-04-29',
 'manageScale': '0-5亿元',
 'managerEnglishName': None,
 'managerHasProduct': False,
 'managerName': '宁波奇粲私募基金管理有限公司',
 'memberType': '非会员机构',
 'officeAddress': '北京市海淀区阜石路甲69号院13号楼2层210',
 'officeAdrAgg': '北京市',
 'officeCity': '海淀区',
 'officeCoordinate': '39.93297698345733,116.23484008718192',
 'officeProvince': '北京市',
 'orgForm': '有限责任公司',
 'organCode': '91330206MAD38KCK1J',
 'page': 0,
 'paidInCapital': 0.0,
 'payAsset': '1,000',
 'practiceNum': '4',
 'primaryInvestType': '私募股权、创业投资基金管理人',
 'regAdrAgg': '宁波市',
 'regCoordinate': '29.913672868335414,121.86563756411005',
 'registerAddress': '浙江省宁波市北仑区新碶街道明州路768号112-14室',
 'registerAsset': '1,000',
 'registerAssetRto': '100%',
 'registerCity': '宁波市',
 'registerDate': 1714348800000,
 'registerNo': 'P1074805',
 'registerProvince': '浙江省',
 'subscribedCapital': 0,
 'url': '2401041347100866.html'}
2024-04-30 11:20:23 [scrapy.core.scraper] DEBUG: Scraped from <200 https://gs.amac.org.cn/amac-infodisc/res/pof/manager/2304201054108842.html>
{'artificialPersonName': '梁伟文',
 'businessType': '私募股权投资基金 私募股权投资类FOF基金 创业投资基金 创业投资类FOF基金',
 'employeeNum': '6',
 'enterpriceType': '内资企业',
 'establishDate': 1678665600000,
 'fundCount': 0,
 'fundTypeScaleMap': None,
 'hasCreditTips': False,
 'hasSpecialTips': True,
 'id': '2304201054108842',
 'isInvestAdvice': None,
 'lastUpDate': '2024-04-29',
 'manageScale': '0-5亿元',
 'managerEnglishName': None,
 'managerHasProduct': False,
 'managerName': '广东灯湖高新私募基金管理有限公司',
 'memberType': '非会员机构',
 'officeAddress': '广东省广州市天河区兴民路222号之一（自编C1栋办公楼）1912房',
 'officeAdrAgg': '广东省',
 'officeCity': '广州市',
 'officeCoordinate': '23.1215270501358,113.33750198418845',
 'officeProvince': '广东省',
 'orgForm': '有限责任公司',
 'organCode': '91440605MACCCEWL94',
 'page': 0,
 'paidInCapital': 0.0,
 'payAsset': '1,000',
 'practiceNum': '6',
 'primaryInvestType': '私募股权、创业投资基金管理人',
 'regAdrAgg': '广东省',
 'regCoordinate': '23.0570472321425,113.16270242184005',
 'registerAddress': '广东省佛山市南海区桂城街道桂澜北路6号千灯湖创投小镇核心区三座404-405',
 'registerAsset': '1,000',
 'registerAssetRto': '100%',
 'registerCity': '佛山市',
 'registerDate': 1714348800000,
 'registerNo': 'P1074804',
 'registerProvince': '广东省',
 'subscribedCapital': 0,
 'url': '2304201054108842.html'}
2024-04-30 11:20:23 [scrapy.core.scraper] DEBUG: Scraped from <200 https://gs.amac.org.cn/amac-infodisc/res/pof/manager/2307111116109104.html>
{'artificialPersonName': '陈苏明',
 'businessType': '私募证券投资基金 私募证券投资类FOF基金',
 'employeeNum': '5',
 'enterpriceType': '内资企业',
 'establishDate': 1686614400000,
 'fundCount': 0,
 'fundTypeScaleMap': None,
 'hasCreditTips': False,
 'hasSpecialTips': True,
 'id': '2307111116109104',
 'isInvestAdvice': '否',
 'lastUpDate': '2024-04-29',
 'manageScale': '0-5亿元',
 'managerEnglishName': None,
 'managerHasProduct': False,
 'managerName': '苏州衍进私募基金管理合伙企业（有限合伙）',
 'memberType': '非会员机构',
 'officeAddress': '上海市浦东新区民生路1403号2108室',
 'officeAdrAgg': '上海市',
 'officeCity': '浦东新区',
 'officeCoordinate': '31.230576674109823,121.55804564771347',
 'officeProvince': '上海市',
 'orgForm': '有限合伙企业',
 'organCode': '91320505MACN6QBR4Q',
 'page': 0,
 'paidInCapital': 0.0,
 'payAsset': '1,000',
 'practiceNum': '5',
 'primaryInvestType': '私募证券投资基金管理人',
 'regAdrAgg': '江苏省',
 'regCoordinate': '31.321916266572046,120.43924422318956',
 'registerAddress': '江苏省苏州市虎丘区苏州高新区华佗路99号金融谷商务中心11幢',
 'registerAsset': '1,000',
 'registerAssetRto': '100%',
 'registerCity': '苏州市',
 'registerDate': 1714348800000,
 'registerNo': 'P1074800',
 'registerProvince': '江苏省',
 'subscribedCapital': 0,
 'url': '2307111116109104.html'}
2024-04-30 11:20:23 [scrapy.core.scraper] DEBUG: Scraped from <200 https://gs.amac.org.cn/amac-infodisc/res/pof/manager/2306271236105105.html>
{'artificialPersonName': '高翎',
 'businessType': '私募股权投资基金 私募股权投资类FOF基金 创业投资基金 创业投资类FOF基金',
 'employeeNum': '7',
 'enterpriceType': '内资企业',
 'establishDate': 1671667200000,
 'fundCount': 0,
 'fundTypeScaleMap': None,
 'hasCreditTips': False,
 'hasSpecialTips': True,
 'id': '2306271236105105',
 'isInvestAdvice': None,
 'lastUpDate': '2024-04-29',
 'manageScale': '0-5亿元',
 'managerEnglishName': None,
 'managerHasProduct': False,
 'managerName': '珠海市泓溢私募基金管理合伙企业（有限合伙）',
 'memberType': '非会员机构',
 'officeAddress': '北京市朝阳区天辰东路7号国家会议中心写字楼南区7层708室',
 'officeAdrAgg': '北京市',
 'officeCity': '朝阳区',
 'officeCoordinate': '40.00449798515828,116.3960484668832',
 'officeProvince': '北京市',
 'orgForm': '有限合伙企业',
 'organCode': '91440400MAC4R8X79E',
 'page': 0,
 'paidInCapital': 0.0,
 'payAsset': '1,000',
 'practiceNum': '6',
 'primaryInvestType': '私募股权、创业投资基金管理人',
 'regAdrAgg': '广东省',
 'regCoordinate': '22.119694046013418,113.55475717170485',
 'registerAddress': '广东省珠海市香洲区横琴新区彩霞街1316号314办公',
 'registerAsset': '2,000',
 'registerAssetRto': '50%',
 'registerCity': '珠海市',
 'registerDate': 1714348800000,
 'registerNo': 'P1074803',
 'registerProvince': '广东省',
 'subscribedCapital': 0,
 'url': '2306271236105105.html'}
2024-04-30 11:20:23 [scrapy.core.scraper] DEBUG: Scraped from <200 https://gs.amac.org.cn/amac-infodisc/res/pof/manager/2310241354106545.html>
{'artificialPersonName': '余斌',
 'businessType': '私募股权投资基金 私募股权投资类FOF基金 创业投资基金 创业投资类FOF基金',
 'employeeNum': '7',
 'enterpriceType': '内资企业',
 'establishDate': 1696809600000,
 'fundCount': 0,
 'fundTypeScaleMap': None,
 'hasCreditTips': False,
 'hasSpecialTips': True,
 'id': '2310241354106545',
 'isInvestAdvice': None,
 'lastUpDate': '2024-04-29',
 'manageScale': '0-5亿元',
 'managerEnglishName': None,
 'managerHasProduct': False,
 'managerName': '宁波开投私募基金管理有限公司',
 'memberType': '非会员机构',
 'officeAddress': '浙江省宁波市鄞州区宁波市鄞州区昌乐路发展大厦B座17楼',
 'officeAdrAgg': '宁波市',
 'officeCity': '宁波市',
 'officeCoordinate': '29.873802798595126,121.61871080662557',
 'officeProvince': '浙江省',
 'orgForm': '有限责任公司',
 'organCode': '91330200MACY44774G',
 'page': 0,
 'paidInCapital': 0.0,
 'payAsset': '10,000',
 'practiceNum': '6',
 'primaryInvestType': '私募股权、创业投资基金管理人',
 'regAdrAgg': '宁波市',
 'regCoordinate': '29.813286010621308,121.5306250344489',
 'registerAddress': '浙江省宁波市鄞州区钟公庙街道泰康西路859号-1-218室-106',
 'registerAsset': '10,000',
 'registerAssetRto': '100%',
 'registerCity': '宁波市',
 'registerDate': 1714348800000,
 'registerNo': 'P1074802',
 'registerProvince': '浙江省',
 'subscribedCapital': 0,
 'url': '2310241354106545.html'}
2024-04-30 11:20:23 [scrapy.core.scraper] DEBUG: Scraped from <200 https://gs.amac.org.cn/amac-infodisc/res/pof/manager/2311280950101094.html>
{'artificialPersonName': '尹东方',
 'businessType': '私募股权投资基金 私募股权投资类FOF基金',
 'employeeNum': '5',
 'enterpriceType': '内资企业',
 'establishDate': 1700092800000,
 'fundCount': 0,
 'fundTypeScaleMap': None,
 'hasCreditTips': False,
 'hasSpecialTips': True,
 'id': '2311280950101094',
 'isInvestAdvice': None,
 'lastUpDate': '2024-04-29',
 'manageScale': '0-5亿元',
 'managerEnglishName': None,
 'managerHasProduct': False,
 'managerName': '观时私募基金管理（南京）有限公司',
 'memberType': '非会员机构',
 'officeAddress': '北京市朝阳区朝外大街乙6号朝外SOHO-C1102',
 'officeAdrAgg': '北京市',
 'officeCity': '朝阳区',
 'officeCoordinate': '39.925588188240084,116.46077587040466',
 'officeProvince': '北京市',
 'orgForm': '有限责任公司',
 'organCode': '91320191MAD58Y9N7M',
 'page': 0,
 'paidInCapital': 0.0,
 'payAsset': '1,000',
 'practiceNum': '3',
 'primaryInvestType': '私募股权、创业投资基金管理人',
 'regAdrAgg': '江苏省',
 'regCoordinate': '32.14565729773504,118.73675720541638',
 'registerAddress': '江苏省南京市浦口区江北新区沿江街道上城路2-1号沿江都市经济园204-49室',
 'registerAsset': '1,000',
 'registerAssetRto': '100%',
 'registerCity': '南京市',
 'registerDate': 1714348800000,
 'registerNo': 'P1074801',
 'registerProvince': '江苏省',
 'subscribedCapital': 0,
 'url': '2311280950101094.html'}
2024-04-30 11:20:23 [scrapy.core.engine] INFO: Closing spider (finished)
2024-04-30 11:20:23 [scrapy.statscollectors] INFO: Dumping Scrapy stats:
{'downloader/request_bytes': 3595,
 'downloader/request_count': 8,
 'downloader/request_method_count/GET': 7,
 'downloader/request_method_count/POST': 1,
 'downloader/response_bytes': 56823,
 'downloader/response_count': 8,
 'downloader/response_status_count/200': 7,
 'downloader/response_status_count/404': 1,
 'elapsed_time_seconds': 0.542269,
 'finish_reason': 'finished',
 'finish_time': datetime.datetime(2024, 4, 30, 3, 20, 23, 510198, tzinfo=datetime.timezone.utc),
 'httpcompression/response_bytes': 262509,
 'httpcompression/response_count': 6,
 'item_scraped_count': 6,
 'log_count/DEBUG': 17,
 'log_count/INFO': 10,
 'request_depth_max': 1,
 'response_received_count': 8,
 'robotstxt/request_count': 1,
 'robotstxt/response_count': 1,
 'robotstxt/response_status_count/404': 1,
 'scheduler/dequeued': 7,
 'scheduler/dequeued/memory': 7,
 'scheduler/enqueued': 7,
 'scheduler/enqueued/memory': 7,
 'start_time': datetime.datetime(2024, 4, 30, 3, 20, 22, 967929, tzinfo=datetime.timezone.utc)}
2024-04-30 11:20:23 [scrapy.core.engine] INFO: Spider closed (finished)
