2024-04-22 11:13:51 [scrapy.utils.log] INFO: Scrapy 2.11.1 started (bot: fund)
2024-04-22 11:13:51 [scrapy.utils.log] INFO: Versions: lxml 5.2.1.0, libxml2 2.11.7, cssselect 1.2.0, parsel 1.9.1, w3lib 2.1.2, Twisted 24.3.0, Python 3.12.3 (tags/v3.12.3:f6650f9, Apr  9 2024, 14:05:25) [MSC v.1938 64 bit (AMD64)], pyOpenSSL 24.1.0 (OpenSSL 3.2.1 30 Jan 2024), cryptography 42.0.5, Platform Windows-11-10.0.22631-SP0
2024-04-22 11:13:51 [scrapy.addons] INFO: Enabled addons:
[]
2024-04-22 11:13:51 [scrapy.extensions.telnet] INFO: Telnet Password: a4e671ef67e106a3
2024-04-22 11:13:51 [scrapy.middleware] INFO: Enabled extensions:
['scrapy.extensions.corestats.CoreStats',
 'scrapy.extensions.telnet.TelnetConsole',
 'scrapy.extensions.logstats.LogStats',
 'scrapy.extensions.throttle.AutoThrottle']
2024-04-22 11:13:51 [scrapy.crawler] INFO: Overridden settings:
{'AUTOTHROTTLE_ENABLED': True,
 'AUTOTHROTTLE_MAX_DELAY': 2,
 'AUTOTHROTTLE_START_DELAY': 0.5,
 'BOT_NAME': 'fund',
 'FEED_EXPORT_ENCODING': 'utf-8',
 'LOG_FILE': 'python.log',
 'LOG_LEVEL': 'INFO',
 'NEWSPIDER_MODULE': 'fund.spiders',
 'REQUEST_FINGERPRINTER_IMPLEMENTATION': '2.7',
 'RETRY_TIMES': 10,
 'ROBOTSTXT_OBEY': True,
 'SPIDER_MODULES': ['fund.spiders'],
 'TWISTED_REACTOR': 'twisted.internet.asyncioreactor.AsyncioSelectorReactor',
 'USER_AGENT': 'Mozilla/5.0 (X11; Linux x86_64) AppleWebKit/537.36 (KHTML, '
               'like Gecko) Chrome/62.0.3202.94 Safari/537.36'}
2024-04-22 11:13:51 [scrapy.middleware] INFO: Enabled downloader middlewares:
['scrapy.downloadermiddlewares.robotstxt.RobotsTxtMiddleware',
 'scrapy.downloadermiddlewares.httpauth.HttpAuthMiddleware',
 'scrapy.downloadermiddlewares.downloadtimeout.DownloadTimeoutMiddleware',
 'scrapy.downloadermiddlewares.defaultheaders.DefaultHeadersMiddleware',
 'scrapy.downloadermiddlewares.useragent.UserAgentMiddleware',
 'scrapy.downloadermiddlewares.retry.RetryMiddleware',
 'scrapy.downloadermiddlewares.redirect.MetaRefreshMiddleware',
 'scrapy.downloadermiddlewares.httpcompression.HttpCompressionMiddleware',
 'scrapy.downloadermiddlewares.redirect.RedirectMiddleware',
 'scrapy.downloadermiddlewares.cookies.CookiesMiddleware',
 'scrapy.downloadermiddlewares.httpproxy.HttpProxyMiddleware',
 'scrapy.downloadermiddlewares.stats.DownloaderStats']
2024-04-22 11:13:51 [scrapy.middleware] INFO: Enabled spider middlewares:
['scrapy.spidermiddlewares.httperror.HttpErrorMiddleware',
 'scrapy.spidermiddlewares.offsite.OffsiteMiddleware',
 'scrapy.spidermiddlewares.referer.RefererMiddleware',
 'scrapy.spidermiddlewares.urllength.UrlLengthMiddleware',
 'scrapy.spidermiddlewares.depth.DepthMiddleware']
2024-04-22 11:13:51 [scrapy.middleware] INFO: Enabled item pipelines:
['fund.pipelines.FundPipeline']
2024-04-22 11:13:51 [scrapy.core.engine] INFO: Spider opened
2024-04-22 11:13:51 [scrapy.extensions.logstats] INFO: Crawled 0 pages (at 0 pages/min), scraped 0 items (at 0 items/min)
2024-04-22 11:13:51 [scrapy.extensions.telnet] INFO: Telnet console listening on 127.0.0.1:6023
2024-04-22 11:13:57 [scrapy.downloadermiddlewares.retry] ERROR: Gave up retrying <POST https://gs.amac.org.cn/amac-infodisc/api/pof/fund?&page=11229&size=20> (failed 11 times): 500 Internal Server Error
2024-04-22 11:13:57 [scrapy.spidermiddlewares.httperror] INFO: Ignoring response <500 https://gs.amac.org.cn/amac-infodisc/api/pof/fund?&page=11229&size=20>: HTTP status code is not handled or not allowed
2024-04-22 11:13:57 [scrapy.core.engine] INFO: Closing spider (finished)
2024-04-22 11:13:57 [scrapy.statscollectors] INFO: Dumping Scrapy stats:
{'downloader/request_bytes': 4309,
 'downloader/request_count': 12,
 'downloader/request_method_count/GET': 1,
 'downloader/request_method_count/POST': 11,
 'downloader/response_bytes': 3937,
 'downloader/response_count': 12,
 'downloader/response_status_count/404': 1,
 'downloader/response_status_count/500': 11,
 'elapsed_time_seconds': 5.74809,
 'finish_reason': 'finished',
 'finish_time': datetime.datetime(2024, 4, 22, 3, 13, 57, 428448, tzinfo=datetime.timezone.utc),
 'httperror/response_ignored_count': 1,
 'httperror/response_ignored_status_count/500': 1,
 'log_count/ERROR': 1,
 'log_count/INFO': 11,
 'response_received_count': 2,
 'retry/count': 10,
 'retry/max_reached': 1,
 'retry/reason_count/500 Internal Server Error': 10,
 'robotstxt/request_count': 1,
 'robotstxt/response_count': 1,
 'robotstxt/response_status_count/404': 1,
 'scheduler/dequeued': 11,
 'scheduler/dequeued/memory': 11,
 'scheduler/enqueued': 11,
 'scheduler/enqueued/memory': 11,
 'start_time': datetime.datetime(2024, 4, 22, 3, 13, 51, 680358, tzinfo=datetime.timezone.utc)}
2024-04-22 11:13:57 [scrapy.core.engine] INFO: Spider closed (finished)
